[2017-09-06 08:04:53,158] INFO [Controller 0]: Controller starting up (kafka.controller.KafkaController)
[2017-09-06 08:04:53,191] INFO [Controller 0]: Broker 0 starting become controller state transition (kafka.controller.KafkaController)
[2017-09-06 08:04:53,196] INFO [Controller 0]: Initialized controller epoch to 13 and zk version 12 (kafka.controller.KafkaController)
[2017-09-06 08:04:53,201] INFO [Controller 0]: Controller 0 incremented epoch to 14 (kafka.controller.KafkaController)
[2017-09-06 08:04:53,202] DEBUG [Controller 0]: Registering IsrChangeNotificationListener (kafka.controller.KafkaController)
[2017-09-06 08:04:53,262] INFO [Controller 0]: Partitions undergoing preferred replica election:  (kafka.controller.KafkaController)
[2017-09-06 08:04:53,262] INFO [Controller 0]: Partitions that completed preferred replica election:  (kafka.controller.KafkaController)
[2017-09-06 08:04:53,263] INFO [Controller 0]: Resuming preferred replica election for partitions:  (kafka.controller.KafkaController)
[2017-09-06 08:04:53,265] INFO [Controller 0]: Partitions being reassigned: Map() (kafka.controller.KafkaController)
[2017-09-06 08:04:53,266] INFO [Controller 0]: Partitions already reassigned: List() (kafka.controller.KafkaController)
[2017-09-06 08:04:53,266] INFO [Controller 0]: Resuming reassignment of partitions: Map() (kafka.controller.KafkaController)
[2017-09-06 08:04:53,270] INFO [Controller 0]: List of topics to be deleted:  (kafka.controller.KafkaController)
[2017-09-06 08:04:53,271] INFO [Controller 0]: List of topics ineligible for deletion: kudesktop,otro-topico,test (kafka.controller.KafkaController)
[2017-09-06 08:04:53,273] INFO [Controller 0]: Currently active brokers in the cluster: Set() (kafka.controller.KafkaController)
[2017-09-06 08:04:53,273] INFO [Controller 0]: Currently shutting brokers in the cluster: Set() (kafka.controller.KafkaController)
[2017-09-06 08:04:53,273] INFO [Controller 0]: Current list of topics in the cluster: Set(kudesktop, test, otro-topico) (kafka.controller.KafkaController)
[2017-09-06 08:04:53,277] INFO [Replica state machine on controller 0]: Started replica state machine with initial state -> Map([Topic=otro-topico,Partition=0,Replica=0] -> ReplicaDeletionIneligible, [Topic=test,Partition=0,Replica=0] -> ReplicaDeletionIneligible, [Topic=kudesktop,Partition=0,Replica=0] -> ReplicaDeletionIneligible) (kafka.controller.ReplicaStateMachine)
[2017-09-06 08:04:53,289] DEBUG [OfflinePartitionLeaderSelector]: No broker in ISR is alive for [kudesktop,0]. Pick the leader from the alive assigned replicas:  (kafka.controller.OfflinePartitionLeaderSelector)
[2017-09-06 08:04:53,301] DEBUG [OfflinePartitionLeaderSelector]: No broker in ISR is alive for [otro-topico,0]. Pick the leader from the alive assigned replicas:  (kafka.controller.OfflinePartitionLeaderSelector)
[2017-09-06 08:04:53,309] DEBUG [OfflinePartitionLeaderSelector]: No broker in ISR is alive for [test,0]. Pick the leader from the alive assigned replicas:  (kafka.controller.OfflinePartitionLeaderSelector)
[2017-09-06 08:04:53,314] INFO [Partition state machine on Controller 0]: Started partition state machine with initial state -> Map([kudesktop,0] -> OfflinePartition, [otro-topico,0] -> OfflinePartition, [test,0] -> OfflinePartition) (kafka.controller.PartitionStateMachine)
[2017-09-06 08:04:53,318] INFO [Controller 0]: Broker 0 is ready to serve as the new controller with epoch 14 (kafka.controller.KafkaController)
[2017-09-06 08:04:53,319] INFO [Controller 0]: Starting preferred replica leader election for partitions  (kafka.controller.KafkaController)
[2017-09-06 08:04:53,319] INFO [Partition state machine on Controller 0]: Invoking state change to OnlinePartition for partitions  (kafka.controller.PartitionStateMachine)
[2017-09-06 08:04:53,326] INFO [Controller 0]: starting the partition rebalance scheduler (kafka.controller.KafkaController)
[2017-09-06 08:04:53,326] INFO [Controller 0]: Controller startup complete (kafka.controller.KafkaController)
[2017-09-06 08:04:53,382] INFO [BrokerChangeListener on Controller 0]: Broker change listener fired for path /brokers/ids with children 0 (kafka.controller.ReplicaStateMachine$BrokerChangeListener)
[2017-09-06 08:04:53,412] INFO [BrokerChangeListener on Controller 0]: Newly added brokers: 0, deleted brokers: , all live brokers: 0 (kafka.controller.ReplicaStateMachine$BrokerChangeListener)
[2017-09-06 08:04:53,413] DEBUG [Channel manager on controller 0]: Controller 0 trying to connect to broker 0 (kafka.controller.ControllerChannelManager)
[2017-09-06 08:04:53,428] INFO [Controller-0-to-broker-0-send-thread], Starting  (kafka.controller.RequestSendThread)
[2017-09-06 08:04:53,429] INFO [Controller 0]: New broker startup callback for 0 (kafka.controller.KafkaController)
[2017-09-06 08:04:53,457] INFO [Replica state machine on controller 0]: Invoking state change to OnlineReplica for replicas [Topic=kudesktop,Partition=0,Replica=0],[Topic=otro-topico,Partition=0,Replica=0],[Topic=test,Partition=0,Replica=0] (kafka.controller.ReplicaStateMachine)
[2017-09-06 08:04:53,463] INFO [Controller-0-to-broker-0-send-thread], Controller 0 connected to Node(0, localhost.localdomain, 9092) for sending state change requests (kafka.controller.RequestSendThread)
[2017-09-06 08:04:53,477] DEBUG [OfflinePartitionLeaderSelector]: Some broker in ISR is alive for [kudesktop,0]. Select 0 from ISR 0 to be the leader. (kafka.controller.OfflinePartitionLeaderSelector)
[2017-09-06 08:04:53,477] INFO [OfflinePartitionLeaderSelector]: Selected new leader and ISR {"leader":0,"leader_epoch":4,"isr":[0]} for offline partition [kudesktop,0] (kafka.controller.OfflinePartitionLeaderSelector)
[2017-09-06 08:04:53,484] DEBUG [Partition state machine on Controller 0]: After leader election, leader cache is updated to Map([kudesktop,0] -> (Leader:0,ISR:0,LeaderEpoch:4,ControllerEpoch:14), [otro-topico,0] -> (Leader:0,ISR:0,LeaderEpoch:2,ControllerEpoch:13), [test,0] -> (Leader:0,ISR:0,LeaderEpoch:10,ControllerEpoch:13)) (kafka.controller.PartitionStateMachine)
[2017-09-06 08:04:53,489] DEBUG [OfflinePartitionLeaderSelector]: Some broker in ISR is alive for [otro-topico,0]. Select 0 from ISR 0 to be the leader. (kafka.controller.OfflinePartitionLeaderSelector)
[2017-09-06 08:04:53,489] INFO [OfflinePartitionLeaderSelector]: Selected new leader and ISR {"leader":0,"leader_epoch":3,"isr":[0]} for offline partition [otro-topico,0] (kafka.controller.OfflinePartitionLeaderSelector)
[2017-09-06 08:04:53,491] DEBUG [Partition state machine on Controller 0]: After leader election, leader cache is updated to Map([kudesktop,0] -> (Leader:0,ISR:0,LeaderEpoch:4,ControllerEpoch:14), [otro-topico,0] -> (Leader:0,ISR:0,LeaderEpoch:3,ControllerEpoch:14), [test,0] -> (Leader:0,ISR:0,LeaderEpoch:10,ControllerEpoch:13)) (kafka.controller.PartitionStateMachine)
[2017-09-06 08:04:53,497] DEBUG [OfflinePartitionLeaderSelector]: Some broker in ISR is alive for [test,0]. Select 0 from ISR 0 to be the leader. (kafka.controller.OfflinePartitionLeaderSelector)
[2017-09-06 08:04:53,497] INFO [OfflinePartitionLeaderSelector]: Selected new leader and ISR {"leader":0,"leader_epoch":11,"isr":[0]} for offline partition [test,0] (kafka.controller.OfflinePartitionLeaderSelector)
[2017-09-06 08:04:53,499] DEBUG [Partition state machine on Controller 0]: After leader election, leader cache is updated to Map([kudesktop,0] -> (Leader:0,ISR:0,LeaderEpoch:4,ControllerEpoch:14), [otro-topico,0] -> (Leader:0,ISR:0,LeaderEpoch:3,ControllerEpoch:14), [test,0] -> (Leader:0,ISR:0,LeaderEpoch:11,ControllerEpoch:14)) (kafka.controller.PartitionStateMachine)
[2017-09-06 08:04:58,328] TRACE [Controller 0]: checking need to trigger partition rebalance (kafka.controller.KafkaController)
[2017-09-06 08:04:58,332] DEBUG [Controller 0]: preferred replicas by broker Map(0 -> Map([kudesktop,0] -> List(0), [otro-topico,0] -> List(0), [test,0] -> List(0))) (kafka.controller.KafkaController)
[2017-09-06 08:04:58,335] DEBUG [Controller 0]: topics not in preferred replica Map() (kafka.controller.KafkaController)
[2017-09-06 08:04:58,337] TRACE [Controller 0]: leader imbalance ratio for broker 0 is 0.000000 (kafka.controller.KafkaController)
[2017-09-06 08:07:02,180] DEBUG preRegister called. Server=com.sun.jmx.mbeanserver.JmxMBeanServer@66d3c617, name=log4j:logger=kafka.controller (kafka.controller)
[2017-09-06 08:07:02,785] INFO [Controller 0]: Controller starting up (kafka.controller.KafkaController)
[2017-09-06 08:07:02,804] INFO [Controller 0]: Controller startup complete (kafka.controller.KafkaController)
[2017-09-06 08:07:04,232] DEBUG [Controller 0]: Controller resigning, broker id 0 (kafka.controller.KafkaController)
[2017-09-06 08:07:04,232] DEBUG [Controller 0]: De-registering IsrChangeNotificationListener (kafka.controller.KafkaController)
[2017-09-06 08:07:04,233] INFO [Partition state machine on Controller 0]: Stopped partition state machine (kafka.controller.PartitionStateMachine)
[2017-09-06 08:07:04,234] INFO [Replica state machine on controller 0]: Stopped replica state machine (kafka.controller.ReplicaStateMachine)
[2017-09-06 08:07:04,235] INFO [Controller 0]: Broker 0 resigned as the controller (kafka.controller.KafkaController)
[2017-09-06 08:14:38,212] DEBUG preRegister called. Server=com.sun.jmx.mbeanserver.JmxMBeanServer@66d3c617, name=log4j:logger=kafka.controller (kafka.controller)
[2017-09-06 08:14:38,827] INFO [Controller 0]: Controller starting up (kafka.controller.KafkaController)
[2017-09-06 08:14:38,852] INFO [Controller 0]: Broker 0 starting become controller state transition (kafka.controller.KafkaController)
[2017-09-06 08:14:38,857] INFO [Controller 0]: Initialized controller epoch to 14 and zk version 13 (kafka.controller.KafkaController)
[2017-09-06 08:14:38,861] INFO [Controller 0]: Controller 0 incremented epoch to 15 (kafka.controller.KafkaController)
[2017-09-06 08:14:38,862] DEBUG [Controller 0]: Registering IsrChangeNotificationListener (kafka.controller.KafkaController)
[2017-09-06 08:14:38,925] INFO [Controller 0]: Partitions undergoing preferred replica election:  (kafka.controller.KafkaController)
[2017-09-06 08:14:38,925] INFO [Controller 0]: Partitions that completed preferred replica election:  (kafka.controller.KafkaController)
[2017-09-06 08:14:38,925] INFO [Controller 0]: Resuming preferred replica election for partitions:  (kafka.controller.KafkaController)
[2017-09-06 08:14:38,929] INFO [Controller 0]: Partitions being reassigned: Map() (kafka.controller.KafkaController)
[2017-09-06 08:14:38,929] INFO [Controller 0]: Partitions already reassigned: List() (kafka.controller.KafkaController)
[2017-09-06 08:14:38,930] INFO [Controller 0]: Resuming reassignment of partitions: Map() (kafka.controller.KafkaController)
[2017-09-06 08:14:38,933] INFO [Controller 0]: List of topics to be deleted:  (kafka.controller.KafkaController)
[2017-09-06 08:14:38,933] INFO [Controller 0]: List of topics ineligible for deletion: kudesktop,otro-topico,test (kafka.controller.KafkaController)
[2017-09-06 08:14:38,936] INFO [Controller 0]: Currently active brokers in the cluster: Set() (kafka.controller.KafkaController)
[2017-09-06 08:14:38,936] INFO [Controller 0]: Currently shutting brokers in the cluster: Set() (kafka.controller.KafkaController)
[2017-09-06 08:14:38,936] INFO [Controller 0]: Current list of topics in the cluster: Set(kudesktop, test, otro-topico) (kafka.controller.KafkaController)
[2017-09-06 08:14:38,940] INFO [Replica state machine on controller 0]: Started replica state machine with initial state -> Map([Topic=otro-topico,Partition=0,Replica=0] -> ReplicaDeletionIneligible, [Topic=test,Partition=0,Replica=0] -> ReplicaDeletionIneligible, [Topic=kudesktop,Partition=0,Replica=0] -> ReplicaDeletionIneligible) (kafka.controller.ReplicaStateMachine)
[2017-09-06 08:14:38,951] DEBUG [OfflinePartitionLeaderSelector]: No broker in ISR is alive for [kudesktop,0]. Pick the leader from the alive assigned replicas:  (kafka.controller.OfflinePartitionLeaderSelector)
[2017-09-06 08:14:38,963] DEBUG [OfflinePartitionLeaderSelector]: No broker in ISR is alive for [otro-topico,0]. Pick the leader from the alive assigned replicas:  (kafka.controller.OfflinePartitionLeaderSelector)
[2017-09-06 08:14:38,972] DEBUG [OfflinePartitionLeaderSelector]: No broker in ISR is alive for [test,0]. Pick the leader from the alive assigned replicas:  (kafka.controller.OfflinePartitionLeaderSelector)
[2017-09-06 08:14:38,976] INFO [Partition state machine on Controller 0]: Started partition state machine with initial state -> Map([kudesktop,0] -> OfflinePartition, [otro-topico,0] -> OfflinePartition, [test,0] -> OfflinePartition) (kafka.controller.PartitionStateMachine)
[2017-09-06 08:14:38,979] INFO [Controller 0]: Broker 0 is ready to serve as the new controller with epoch 15 (kafka.controller.KafkaController)
[2017-09-06 08:14:38,981] INFO [Controller 0]: Starting preferred replica leader election for partitions  (kafka.controller.KafkaController)
[2017-09-06 08:14:38,981] INFO [Partition state machine on Controller 0]: Invoking state change to OnlinePartition for partitions  (kafka.controller.PartitionStateMachine)
[2017-09-06 08:14:38,988] INFO [Controller 0]: starting the partition rebalance scheduler (kafka.controller.KafkaController)
[2017-09-06 08:14:38,991] INFO [Controller 0]: Controller startup complete (kafka.controller.KafkaController)
[2017-09-06 08:14:39,046] INFO [BrokerChangeListener on Controller 0]: Broker change listener fired for path /brokers/ids with children 0 (kafka.controller.ReplicaStateMachine$BrokerChangeListener)
[2017-09-06 08:14:39,075] INFO [BrokerChangeListener on Controller 0]: Newly added brokers: 0, deleted brokers: , all live brokers: 0 (kafka.controller.ReplicaStateMachine$BrokerChangeListener)
[2017-09-06 08:14:39,076] DEBUG [Channel manager on controller 0]: Controller 0 trying to connect to broker 0 (kafka.controller.ControllerChannelManager)
[2017-09-06 08:14:39,090] INFO [Controller-0-to-broker-0-send-thread], Starting  (kafka.controller.RequestSendThread)
[2017-09-06 08:14:39,091] INFO [Controller 0]: New broker startup callback for 0 (kafka.controller.KafkaController)
[2017-09-06 08:14:39,113] INFO [Replica state machine on controller 0]: Invoking state change to OnlineReplica for replicas [Topic=kudesktop,Partition=0,Replica=0],[Topic=otro-topico,Partition=0,Replica=0],[Topic=test,Partition=0,Replica=0] (kafka.controller.ReplicaStateMachine)
[2017-09-06 08:14:39,119] INFO [Controller-0-to-broker-0-send-thread], Controller 0 connected to Node(0, localhost.localdomain, 9092) for sending state change requests (kafka.controller.RequestSendThread)
[2017-09-06 08:14:39,131] DEBUG [OfflinePartitionLeaderSelector]: Some broker in ISR is alive for [kudesktop,0]. Select 0 from ISR 0 to be the leader. (kafka.controller.OfflinePartitionLeaderSelector)
[2017-09-06 08:14:39,132] INFO [OfflinePartitionLeaderSelector]: Selected new leader and ISR {"leader":0,"leader_epoch":5,"isr":[0]} for offline partition [kudesktop,0] (kafka.controller.OfflinePartitionLeaderSelector)
[2017-09-06 08:14:39,136] DEBUG [Partition state machine on Controller 0]: After leader election, leader cache is updated to Map([kudesktop,0] -> (Leader:0,ISR:0,LeaderEpoch:5,ControllerEpoch:15), [otro-topico,0] -> (Leader:0,ISR:0,LeaderEpoch:3,ControllerEpoch:14), [test,0] -> (Leader:0,ISR:0,LeaderEpoch:11,ControllerEpoch:14)) (kafka.controller.PartitionStateMachine)
[2017-09-06 08:14:39,141] DEBUG [OfflinePartitionLeaderSelector]: Some broker in ISR is alive for [otro-topico,0]. Select 0 from ISR 0 to be the leader. (kafka.controller.OfflinePartitionLeaderSelector)
[2017-09-06 08:14:39,141] INFO [OfflinePartitionLeaderSelector]: Selected new leader and ISR {"leader":0,"leader_epoch":4,"isr":[0]} for offline partition [otro-topico,0] (kafka.controller.OfflinePartitionLeaderSelector)
[2017-09-06 08:14:39,144] DEBUG [Partition state machine on Controller 0]: After leader election, leader cache is updated to Map([kudesktop,0] -> (Leader:0,ISR:0,LeaderEpoch:5,ControllerEpoch:15), [otro-topico,0] -> (Leader:0,ISR:0,LeaderEpoch:4,ControllerEpoch:15), [test,0] -> (Leader:0,ISR:0,LeaderEpoch:11,ControllerEpoch:14)) (kafka.controller.PartitionStateMachine)
[2017-09-06 08:14:39,149] DEBUG [OfflinePartitionLeaderSelector]: Some broker in ISR is alive for [test,0]. Select 0 from ISR 0 to be the leader. (kafka.controller.OfflinePartitionLeaderSelector)
[2017-09-06 08:14:39,149] INFO [OfflinePartitionLeaderSelector]: Selected new leader and ISR {"leader":0,"leader_epoch":12,"isr":[0]} for offline partition [test,0] (kafka.controller.OfflinePartitionLeaderSelector)
[2017-09-06 08:14:39,152] DEBUG [Partition state machine on Controller 0]: After leader election, leader cache is updated to Map([kudesktop,0] -> (Leader:0,ISR:0,LeaderEpoch:5,ControllerEpoch:15), [otro-topico,0] -> (Leader:0,ISR:0,LeaderEpoch:4,ControllerEpoch:15), [test,0] -> (Leader:0,ISR:0,LeaderEpoch:12,ControllerEpoch:15)) (kafka.controller.PartitionStateMachine)
[2017-09-06 08:14:43,991] TRACE [Controller 0]: checking need to trigger partition rebalance (kafka.controller.KafkaController)
[2017-09-06 08:14:43,995] DEBUG [Controller 0]: preferred replicas by broker Map(0 -> Map([kudesktop,0] -> List(0), [otro-topico,0] -> List(0), [test,0] -> List(0))) (kafka.controller.KafkaController)
[2017-09-06 08:14:43,997] DEBUG [Controller 0]: topics not in preferred replica Map() (kafka.controller.KafkaController)
[2017-09-06 08:14:43,998] TRACE [Controller 0]: leader imbalance ratio for broker 0 is 0.000000 (kafka.controller.KafkaController)
[2017-09-06 08:17:58,309] DEBUG preRegister called. Server=com.sun.jmx.mbeanserver.JmxMBeanServer@66d3c617, name=log4j:logger=kafka.controller (kafka.controller)
[2017-09-06 08:19:32,699] DEBUG preRegister called. Server=com.sun.jmx.mbeanserver.JmxMBeanServer@66d3c617, name=log4j:logger=kafka.controller (kafka.controller)
[2017-09-06 08:19:33,296] INFO [Controller 0]: Controller starting up (kafka.controller.KafkaController)
[2017-09-06 08:19:33,311] INFO [Controller 0]: Controller startup complete (kafka.controller.KafkaController)
[2017-09-06 08:19:35,735] DEBUG [Controller 0]: Controller resigning, broker id 0 (kafka.controller.KafkaController)
[2017-09-06 08:19:35,735] DEBUG [Controller 0]: De-registering IsrChangeNotificationListener (kafka.controller.KafkaController)
[2017-09-06 08:19:35,737] INFO [Partition state machine on Controller 0]: Stopped partition state machine (kafka.controller.PartitionStateMachine)
[2017-09-06 08:19:35,738] INFO [Replica state machine on controller 0]: Stopped replica state machine (kafka.controller.ReplicaStateMachine)
[2017-09-06 08:19:35,738] INFO [Controller 0]: Broker 0 resigned as the controller (kafka.controller.KafkaController)
[2017-09-06 08:21:30,118] DEBUG preRegister called. Server=com.sun.jmx.mbeanserver.JmxMBeanServer@66d3c617, name=log4j:logger=kafka.controller (kafka.controller)
[2017-09-06 08:21:30,692] INFO [Controller 0]: Controller starting up (kafka.controller.KafkaController)
[2017-09-06 08:21:30,719] INFO [Controller 0]: Broker 0 starting become controller state transition (kafka.controller.KafkaController)
[2017-09-06 08:21:30,725] INFO [Controller 0]: Initialized controller epoch to 15 and zk version 14 (kafka.controller.KafkaController)
[2017-09-06 08:21:30,729] INFO [Controller 0]: Controller 0 incremented epoch to 16 (kafka.controller.KafkaController)
[2017-09-06 08:21:30,730] DEBUG [Controller 0]: Registering IsrChangeNotificationListener (kafka.controller.KafkaController)
[2017-09-06 08:21:30,782] INFO [Controller 0]: Partitions undergoing preferred replica election:  (kafka.controller.KafkaController)
[2017-09-06 08:21:30,782] INFO [Controller 0]: Partitions that completed preferred replica election:  (kafka.controller.KafkaController)
[2017-09-06 08:21:30,782] INFO [Controller 0]: Resuming preferred replica election for partitions:  (kafka.controller.KafkaController)
[2017-09-06 08:21:30,785] INFO [Controller 0]: Partitions being reassigned: Map() (kafka.controller.KafkaController)
[2017-09-06 08:21:30,785] INFO [Controller 0]: Partitions already reassigned: List() (kafka.controller.KafkaController)
[2017-09-06 08:21:30,786] INFO [Controller 0]: Resuming reassignment of partitions: Map() (kafka.controller.KafkaController)
[2017-09-06 08:21:30,789] INFO [Controller 0]: List of topics to be deleted:  (kafka.controller.KafkaController)
[2017-09-06 08:21:30,790] INFO [Controller 0]: List of topics ineligible for deletion: kudesktop,otro-topico,test (kafka.controller.KafkaController)
[2017-09-06 08:21:30,792] INFO [Controller 0]: Currently active brokers in the cluster: Set() (kafka.controller.KafkaController)
[2017-09-06 08:21:30,792] INFO [Controller 0]: Currently shutting brokers in the cluster: Set() (kafka.controller.KafkaController)
[2017-09-06 08:21:30,792] INFO [Controller 0]: Current list of topics in the cluster: Set(kudesktop, test, otro-topico) (kafka.controller.KafkaController)
[2017-09-06 08:21:30,796] INFO [Replica state machine on controller 0]: Started replica state machine with initial state -> Map([Topic=otro-topico,Partition=0,Replica=0] -> ReplicaDeletionIneligible, [Topic=test,Partition=0,Replica=0] -> ReplicaDeletionIneligible, [Topic=kudesktop,Partition=0,Replica=0] -> ReplicaDeletionIneligible) (kafka.controller.ReplicaStateMachine)
[2017-09-06 08:21:30,809] DEBUG [OfflinePartitionLeaderSelector]: No broker in ISR is alive for [kudesktop,0]. Pick the leader from the alive assigned replicas:  (kafka.controller.OfflinePartitionLeaderSelector)
[2017-09-06 08:21:30,822] DEBUG [OfflinePartitionLeaderSelector]: No broker in ISR is alive for [otro-topico,0]. Pick the leader from the alive assigned replicas:  (kafka.controller.OfflinePartitionLeaderSelector)
[2017-09-06 08:21:30,834] DEBUG [OfflinePartitionLeaderSelector]: No broker in ISR is alive for [test,0]. Pick the leader from the alive assigned replicas:  (kafka.controller.OfflinePartitionLeaderSelector)
[2017-09-06 08:21:30,840] INFO [Partition state machine on Controller 0]: Started partition state machine with initial state -> Map([kudesktop,0] -> OfflinePartition, [otro-topico,0] -> OfflinePartition, [test,0] -> OfflinePartition) (kafka.controller.PartitionStateMachine)
[2017-09-06 08:21:30,844] INFO [Controller 0]: Broker 0 is ready to serve as the new controller with epoch 16 (kafka.controller.KafkaController)
[2017-09-06 08:21:30,845] INFO [Controller 0]: Starting preferred replica leader election for partitions  (kafka.controller.KafkaController)
[2017-09-06 08:21:30,846] INFO [Partition state machine on Controller 0]: Invoking state change to OnlinePartition for partitions  (kafka.controller.PartitionStateMachine)
[2017-09-06 08:21:30,854] INFO [Controller 0]: starting the partition rebalance scheduler (kafka.controller.KafkaController)
[2017-09-06 08:21:30,855] INFO [Controller 0]: Controller startup complete (kafka.controller.KafkaController)
[2017-09-06 08:21:30,913] INFO [BrokerChangeListener on Controller 0]: Broker change listener fired for path /brokers/ids with children 0 (kafka.controller.ReplicaStateMachine$BrokerChangeListener)
[2017-09-06 08:21:30,937] INFO [BrokerChangeListener on Controller 0]: Newly added brokers: 0, deleted brokers: , all live brokers: 0 (kafka.controller.ReplicaStateMachine$BrokerChangeListener)
[2017-09-06 08:21:30,937] DEBUG [Channel manager on controller 0]: Controller 0 trying to connect to broker 0 (kafka.controller.ControllerChannelManager)
[2017-09-06 08:21:30,948] INFO [Controller-0-to-broker-0-send-thread], Starting  (kafka.controller.RequestSendThread)
[2017-09-06 08:21:30,949] INFO [Controller 0]: New broker startup callback for 0 (kafka.controller.KafkaController)
[2017-09-06 08:21:30,970] INFO [Replica state machine on controller 0]: Invoking state change to OnlineReplica for replicas [Topic=kudesktop,Partition=0,Replica=0],[Topic=otro-topico,Partition=0,Replica=0],[Topic=test,Partition=0,Replica=0] (kafka.controller.ReplicaStateMachine)
[2017-09-06 08:21:30,976] INFO [Controller-0-to-broker-0-send-thread], Controller 0 connected to Node(0, localhost.localdomain, 9092) for sending state change requests (kafka.controller.RequestSendThread)
[2017-09-06 08:21:30,988] DEBUG [OfflinePartitionLeaderSelector]: Some broker in ISR is alive for [kudesktop,0]. Select 0 from ISR 0 to be the leader. (kafka.controller.OfflinePartitionLeaderSelector)
[2017-09-06 08:21:30,988] INFO [OfflinePartitionLeaderSelector]: Selected new leader and ISR {"leader":0,"leader_epoch":6,"isr":[0]} for offline partition [kudesktop,0] (kafka.controller.OfflinePartitionLeaderSelector)
[2017-09-06 08:21:30,994] DEBUG [Partition state machine on Controller 0]: After leader election, leader cache is updated to Map([kudesktop,0] -> (Leader:0,ISR:0,LeaderEpoch:6,ControllerEpoch:16), [otro-topico,0] -> (Leader:0,ISR:0,LeaderEpoch:4,ControllerEpoch:15), [test,0] -> (Leader:0,ISR:0,LeaderEpoch:12,ControllerEpoch:15)) (kafka.controller.PartitionStateMachine)
[2017-09-06 08:21:31,001] DEBUG [OfflinePartitionLeaderSelector]: Some broker in ISR is alive for [otro-topico,0]. Select 0 from ISR 0 to be the leader. (kafka.controller.OfflinePartitionLeaderSelector)
[2017-09-06 08:21:31,001] INFO [OfflinePartitionLeaderSelector]: Selected new leader and ISR {"leader":0,"leader_epoch":5,"isr":[0]} for offline partition [otro-topico,0] (kafka.controller.OfflinePartitionLeaderSelector)
[2017-09-06 08:21:31,005] DEBUG [Partition state machine on Controller 0]: After leader election, leader cache is updated to Map([kudesktop,0] -> (Leader:0,ISR:0,LeaderEpoch:6,ControllerEpoch:16), [otro-topico,0] -> (Leader:0,ISR:0,LeaderEpoch:5,ControllerEpoch:16), [test,0] -> (Leader:0,ISR:0,LeaderEpoch:12,ControllerEpoch:15)) (kafka.controller.PartitionStateMachine)
[2017-09-06 08:21:31,010] DEBUG [OfflinePartitionLeaderSelector]: Some broker in ISR is alive for [test,0]. Select 0 from ISR 0 to be the leader. (kafka.controller.OfflinePartitionLeaderSelector)
[2017-09-06 08:21:31,011] INFO [OfflinePartitionLeaderSelector]: Selected new leader and ISR {"leader":0,"leader_epoch":13,"isr":[0]} for offline partition [test,0] (kafka.controller.OfflinePartitionLeaderSelector)
[2017-09-06 08:21:31,013] DEBUG [Partition state machine on Controller 0]: After leader election, leader cache is updated to Map([kudesktop,0] -> (Leader:0,ISR:0,LeaderEpoch:6,ControllerEpoch:16), [otro-topico,0] -> (Leader:0,ISR:0,LeaderEpoch:5,ControllerEpoch:16), [test,0] -> (Leader:0,ISR:0,LeaderEpoch:13,ControllerEpoch:16)) (kafka.controller.PartitionStateMachine)
[2017-09-06 08:21:35,856] TRACE [Controller 0]: checking need to trigger partition rebalance (kafka.controller.KafkaController)
[2017-09-06 08:21:35,860] DEBUG [Controller 0]: preferred replicas by broker Map(0 -> Map([kudesktop,0] -> List(0), [otro-topico,0] -> List(0), [test,0] -> List(0))) (kafka.controller.KafkaController)
[2017-09-06 08:21:35,862] DEBUG [Controller 0]: topics not in preferred replica Map() (kafka.controller.KafkaController)
[2017-09-06 08:21:35,863] TRACE [Controller 0]: leader imbalance ratio for broker 0 is 0.000000 (kafka.controller.KafkaController)
[2017-09-06 08:22:24,679] DEBUG preRegister called. Server=com.sun.jmx.mbeanserver.JmxMBeanServer@66d3c617, name=log4j:logger=kafka.controller (kafka.controller)
[2017-09-06 08:22:51,629] INFO [Controller 0]: Controller starting up (kafka.controller.KafkaController)
[2017-09-06 08:22:51,652] INFO [Controller 0]: Broker 0 starting become controller state transition (kafka.controller.KafkaController)
[2017-09-06 08:22:51,658] INFO [Controller 0]: Initialized controller epoch to 16 and zk version 15 (kafka.controller.KafkaController)
[2017-09-06 08:22:51,663] INFO [Controller 0]: Controller 0 incremented epoch to 17 (kafka.controller.KafkaController)
[2017-09-06 08:22:51,665] DEBUG [Controller 0]: Registering IsrChangeNotificationListener (kafka.controller.KafkaController)
[2017-09-06 08:22:51,728] INFO [Controller 0]: Partitions undergoing preferred replica election:  (kafka.controller.KafkaController)
[2017-09-06 08:22:51,729] INFO [Controller 0]: Partitions that completed preferred replica election:  (kafka.controller.KafkaController)
[2017-09-06 08:22:51,729] INFO [Controller 0]: Resuming preferred replica election for partitions:  (kafka.controller.KafkaController)
[2017-09-06 08:22:51,732] INFO [Controller 0]: Partitions being reassigned: Map() (kafka.controller.KafkaController)
[2017-09-06 08:22:51,732] INFO [Controller 0]: Partitions already reassigned: List() (kafka.controller.KafkaController)
[2017-09-06 08:22:51,733] INFO [Controller 0]: Resuming reassignment of partitions: Map() (kafka.controller.KafkaController)
[2017-09-06 08:22:51,736] INFO [Controller 0]: List of topics to be deleted:  (kafka.controller.KafkaController)
[2017-09-06 08:22:51,737] INFO [Controller 0]: List of topics ineligible for deletion: kudesktop,otro-topico,test (kafka.controller.KafkaController)
[2017-09-06 08:22:51,739] INFO [Controller 0]: Currently active brokers in the cluster: Set() (kafka.controller.KafkaController)
[2017-09-06 08:22:51,739] INFO [Controller 0]: Currently shutting brokers in the cluster: Set() (kafka.controller.KafkaController)
[2017-09-06 08:22:51,740] INFO [Controller 0]: Current list of topics in the cluster: Set(kudesktop, test, otro-topico) (kafka.controller.KafkaController)
[2017-09-06 08:22:51,743] INFO [Replica state machine on controller 0]: Started replica state machine with initial state -> Map([Topic=otro-topico,Partition=0,Replica=0] -> ReplicaDeletionIneligible, [Topic=test,Partition=0,Replica=0] -> ReplicaDeletionIneligible, [Topic=kudesktop,Partition=0,Replica=0] -> ReplicaDeletionIneligible) (kafka.controller.ReplicaStateMachine)
[2017-09-06 08:22:51,757] DEBUG [OfflinePartitionLeaderSelector]: No broker in ISR is alive for [kudesktop,0]. Pick the leader from the alive assigned replicas:  (kafka.controller.OfflinePartitionLeaderSelector)
[2017-09-06 08:22:51,773] DEBUG [OfflinePartitionLeaderSelector]: No broker in ISR is alive for [otro-topico,0]. Pick the leader from the alive assigned replicas:  (kafka.controller.OfflinePartitionLeaderSelector)
[2017-09-06 08:22:51,784] DEBUG [OfflinePartitionLeaderSelector]: No broker in ISR is alive for [test,0]. Pick the leader from the alive assigned replicas:  (kafka.controller.OfflinePartitionLeaderSelector)
[2017-09-06 08:22:51,789] INFO [Partition state machine on Controller 0]: Started partition state machine with initial state -> Map([kudesktop,0] -> OfflinePartition, [otro-topico,0] -> OfflinePartition, [test,0] -> OfflinePartition) (kafka.controller.PartitionStateMachine)
[2017-09-06 08:22:51,794] INFO [Controller 0]: Broker 0 is ready to serve as the new controller with epoch 17 (kafka.controller.KafkaController)
[2017-09-06 08:22:51,795] INFO [Controller 0]: Starting preferred replica leader election for partitions  (kafka.controller.KafkaController)
[2017-09-06 08:22:51,796] INFO [Partition state machine on Controller 0]: Invoking state change to OnlinePartition for partitions  (kafka.controller.PartitionStateMachine)
[2017-09-06 08:22:51,802] INFO [Controller 0]: starting the partition rebalance scheduler (kafka.controller.KafkaController)
[2017-09-06 08:22:51,803] INFO [Controller 0]: Controller startup complete (kafka.controller.KafkaController)
[2017-09-06 08:22:51,852] INFO [BrokerChangeListener on Controller 0]: Broker change listener fired for path /brokers/ids with children 0 (kafka.controller.ReplicaStateMachine$BrokerChangeListener)
[2017-09-06 08:22:51,879] INFO [BrokerChangeListener on Controller 0]: Newly added brokers: 0, deleted brokers: , all live brokers: 0 (kafka.controller.ReplicaStateMachine$BrokerChangeListener)
[2017-09-06 08:22:51,880] DEBUG [Channel manager on controller 0]: Controller 0 trying to connect to broker 0 (kafka.controller.ControllerChannelManager)
[2017-09-06 08:22:51,890] INFO [Controller-0-to-broker-0-send-thread], Starting  (kafka.controller.RequestSendThread)
[2017-09-06 08:22:51,891] INFO [Controller 0]: New broker startup callback for 0 (kafka.controller.KafkaController)
[2017-09-06 08:22:51,911] INFO [Replica state machine on controller 0]: Invoking state change to OnlineReplica for replicas [Topic=kudesktop,Partition=0,Replica=0],[Topic=otro-topico,Partition=0,Replica=0],[Topic=test,Partition=0,Replica=0] (kafka.controller.ReplicaStateMachine)
[2017-09-06 08:22:51,916] INFO [Controller-0-to-broker-0-send-thread], Controller 0 connected to Node(0, localhost.localdomain, 9092) for sending state change requests (kafka.controller.RequestSendThread)
[2017-09-06 08:22:51,926] DEBUG [OfflinePartitionLeaderSelector]: Some broker in ISR is alive for [kudesktop,0]. Select 0 from ISR 0 to be the leader. (kafka.controller.OfflinePartitionLeaderSelector)
[2017-09-06 08:22:51,927] INFO [OfflinePartitionLeaderSelector]: Selected new leader and ISR {"leader":0,"leader_epoch":7,"isr":[0]} for offline partition [kudesktop,0] (kafka.controller.OfflinePartitionLeaderSelector)
[2017-09-06 08:22:51,931] DEBUG [Partition state machine on Controller 0]: After leader election, leader cache is updated to Map([kudesktop,0] -> (Leader:0,ISR:0,LeaderEpoch:7,ControllerEpoch:17), [otro-topico,0] -> (Leader:0,ISR:0,LeaderEpoch:5,ControllerEpoch:16), [test,0] -> (Leader:0,ISR:0,LeaderEpoch:13,ControllerEpoch:16)) (kafka.controller.PartitionStateMachine)
[2017-09-06 08:22:51,936] DEBUG [OfflinePartitionLeaderSelector]: Some broker in ISR is alive for [otro-topico,0]. Select 0 from ISR 0 to be the leader. (kafka.controller.OfflinePartitionLeaderSelector)
[2017-09-06 08:22:51,936] INFO [OfflinePartitionLeaderSelector]: Selected new leader and ISR {"leader":0,"leader_epoch":6,"isr":[0]} for offline partition [otro-topico,0] (kafka.controller.OfflinePartitionLeaderSelector)
[2017-09-06 08:22:51,939] DEBUG [Partition state machine on Controller 0]: After leader election, leader cache is updated to Map([kudesktop,0] -> (Leader:0,ISR:0,LeaderEpoch:7,ControllerEpoch:17), [otro-topico,0] -> (Leader:0,ISR:0,LeaderEpoch:6,ControllerEpoch:17), [test,0] -> (Leader:0,ISR:0,LeaderEpoch:13,ControllerEpoch:16)) (kafka.controller.PartitionStateMachine)
[2017-09-06 08:22:51,944] DEBUG [OfflinePartitionLeaderSelector]: Some broker in ISR is alive for [test,0]. Select 0 from ISR 0 to be the leader. (kafka.controller.OfflinePartitionLeaderSelector)
[2017-09-06 08:22:51,944] INFO [OfflinePartitionLeaderSelector]: Selected new leader and ISR {"leader":0,"leader_epoch":14,"isr":[0]} for offline partition [test,0] (kafka.controller.OfflinePartitionLeaderSelector)
[2017-09-06 08:22:51,949] DEBUG [Partition state machine on Controller 0]: After leader election, leader cache is updated to Map([kudesktop,0] -> (Leader:0,ISR:0,LeaderEpoch:7,ControllerEpoch:17), [otro-topico,0] -> (Leader:0,ISR:0,LeaderEpoch:6,ControllerEpoch:17), [test,0] -> (Leader:0,ISR:0,LeaderEpoch:14,ControllerEpoch:17)) (kafka.controller.PartitionStateMachine)
[2017-09-06 08:22:56,804] TRACE [Controller 0]: checking need to trigger partition rebalance (kafka.controller.KafkaController)
[2017-09-06 08:22:56,808] DEBUG [Controller 0]: preferred replicas by broker Map(0 -> Map([kudesktop,0] -> List(0), [otro-topico,0] -> List(0), [test,0] -> List(0))) (kafka.controller.KafkaController)
[2017-09-06 08:22:56,811] DEBUG [Controller 0]: topics not in preferred replica Map() (kafka.controller.KafkaController)
[2017-09-06 08:22:56,812] TRACE [Controller 0]: leader imbalance ratio for broker 0 is 0.000000 (kafka.controller.KafkaController)
[2017-09-06 08:24:09,012] DEBUG preRegister called. Server=com.sun.jmx.mbeanserver.JmxMBeanServer@66d3c617, name=log4j:logger=kafka.controller (kafka.controller)
[2017-09-06 08:24:09,566] INFO [Controller 0]: Controller starting up (kafka.controller.KafkaController)
[2017-09-06 08:24:09,583] INFO [Controller 0]: Controller startup complete (kafka.controller.KafkaController)
[2017-09-06 08:24:12,009] DEBUG [Controller 0]: Controller resigning, broker id 0 (kafka.controller.KafkaController)
[2017-09-06 08:24:12,009] DEBUG [Controller 0]: De-registering IsrChangeNotificationListener (kafka.controller.KafkaController)
[2017-09-06 08:24:12,012] INFO [Partition state machine on Controller 0]: Stopped partition state machine (kafka.controller.PartitionStateMachine)
[2017-09-06 08:24:12,012] INFO [Replica state machine on controller 0]: Stopped replica state machine (kafka.controller.ReplicaStateMachine)
[2017-09-06 08:24:12,013] INFO [Controller 0]: Broker 0 resigned as the controller (kafka.controller.KafkaController)
[2017-09-06 08:25:10,766] DEBUG preRegister called. Server=com.sun.jmx.mbeanserver.JmxMBeanServer@66d3c617, name=log4j:logger=kafka.controller (kafka.controller)
[2017-09-06 08:25:11,354] INFO [Controller 0]: Controller starting up (kafka.controller.KafkaController)
[2017-09-06 08:25:11,382] INFO [Controller 0]: Broker 0 starting become controller state transition (kafka.controller.KafkaController)
[2017-09-06 08:25:11,387] INFO [Controller 0]: Initialized controller epoch to 17 and zk version 16 (kafka.controller.KafkaController)
[2017-09-06 08:25:11,392] INFO [Controller 0]: Controller 0 incremented epoch to 18 (kafka.controller.KafkaController)
[2017-09-06 08:25:11,393] DEBUG [Controller 0]: Registering IsrChangeNotificationListener (kafka.controller.KafkaController)
[2017-09-06 08:25:11,446] INFO [Controller 0]: Partitions undergoing preferred replica election:  (kafka.controller.KafkaController)
[2017-09-06 08:25:11,446] INFO [Controller 0]: Partitions that completed preferred replica election:  (kafka.controller.KafkaController)
[2017-09-06 08:25:11,446] INFO [Controller 0]: Resuming preferred replica election for partitions:  (kafka.controller.KafkaController)
[2017-09-06 08:25:11,449] INFO [Controller 0]: Partitions being reassigned: Map() (kafka.controller.KafkaController)
[2017-09-06 08:25:11,449] INFO [Controller 0]: Partitions already reassigned: List() (kafka.controller.KafkaController)
[2017-09-06 08:25:11,450] INFO [Controller 0]: Resuming reassignment of partitions: Map() (kafka.controller.KafkaController)
[2017-09-06 08:25:11,453] INFO [Controller 0]: List of topics to be deleted:  (kafka.controller.KafkaController)
[2017-09-06 08:25:11,454] INFO [Controller 0]: List of topics ineligible for deletion: kudesktop,otro-topico,test (kafka.controller.KafkaController)
[2017-09-06 08:25:11,456] INFO [Controller 0]: Currently active brokers in the cluster: Set() (kafka.controller.KafkaController)
[2017-09-06 08:25:11,456] INFO [Controller 0]: Currently shutting brokers in the cluster: Set() (kafka.controller.KafkaController)
[2017-09-06 08:25:11,457] INFO [Controller 0]: Current list of topics in the cluster: Set(kudesktop, test, otro-topico) (kafka.controller.KafkaController)
[2017-09-06 08:25:11,460] INFO [Replica state machine on controller 0]: Started replica state machine with initial state -> Map([Topic=otro-topico,Partition=0,Replica=0] -> ReplicaDeletionIneligible, [Topic=test,Partition=0,Replica=0] -> ReplicaDeletionIneligible, [Topic=kudesktop,Partition=0,Replica=0] -> ReplicaDeletionIneligible) (kafka.controller.ReplicaStateMachine)
[2017-09-06 08:25:11,474] DEBUG [OfflinePartitionLeaderSelector]: No broker in ISR is alive for [kudesktop,0]. Pick the leader from the alive assigned replicas:  (kafka.controller.OfflinePartitionLeaderSelector)
[2017-09-06 08:25:11,489] DEBUG [OfflinePartitionLeaderSelector]: No broker in ISR is alive for [otro-topico,0]. Pick the leader from the alive assigned replicas:  (kafka.controller.OfflinePartitionLeaderSelector)
[2017-09-06 08:25:11,499] DEBUG [OfflinePartitionLeaderSelector]: No broker in ISR is alive for [test,0]. Pick the leader from the alive assigned replicas:  (kafka.controller.OfflinePartitionLeaderSelector)
[2017-09-06 08:25:11,503] INFO [Partition state machine on Controller 0]: Started partition state machine with initial state -> Map([kudesktop,0] -> OfflinePartition, [otro-topico,0] -> OfflinePartition, [test,0] -> OfflinePartition) (kafka.controller.PartitionStateMachine)
[2017-09-06 08:25:11,507] INFO [Controller 0]: Broker 0 is ready to serve as the new controller with epoch 18 (kafka.controller.KafkaController)
[2017-09-06 08:25:11,508] INFO [Controller 0]: Starting preferred replica leader election for partitions  (kafka.controller.KafkaController)
[2017-09-06 08:25:11,509] INFO [Partition state machine on Controller 0]: Invoking state change to OnlinePartition for partitions  (kafka.controller.PartitionStateMachine)
[2017-09-06 08:25:11,517] INFO [Controller 0]: starting the partition rebalance scheduler (kafka.controller.KafkaController)
[2017-09-06 08:25:11,518] INFO [Controller 0]: Controller startup complete (kafka.controller.KafkaController)
[2017-09-06 08:25:11,582] INFO [BrokerChangeListener on Controller 0]: Broker change listener fired for path /brokers/ids with children 0 (kafka.controller.ReplicaStateMachine$BrokerChangeListener)
[2017-09-06 08:25:11,604] INFO [BrokerChangeListener on Controller 0]: Newly added brokers: 0, deleted brokers: , all live brokers: 0 (kafka.controller.ReplicaStateMachine$BrokerChangeListener)
[2017-09-06 08:25:11,605] DEBUG [Channel manager on controller 0]: Controller 0 trying to connect to broker 0 (kafka.controller.ControllerChannelManager)
[2017-09-06 08:25:11,615] INFO [Controller-0-to-broker-0-send-thread], Starting  (kafka.controller.RequestSendThread)
[2017-09-06 08:25:11,616] INFO [Controller 0]: New broker startup callback for 0 (kafka.controller.KafkaController)
[2017-09-06 08:25:11,638] INFO [Replica state machine on controller 0]: Invoking state change to OnlineReplica for replicas [Topic=kudesktop,Partition=0,Replica=0],[Topic=otro-topico,Partition=0,Replica=0],[Topic=test,Partition=0,Replica=0] (kafka.controller.ReplicaStateMachine)
[2017-09-06 08:25:11,644] INFO [Controller-0-to-broker-0-send-thread], Controller 0 connected to Node(0, localhost.localdomain, 9092) for sending state change requests (kafka.controller.RequestSendThread)
[2017-09-06 08:25:11,655] DEBUG [OfflinePartitionLeaderSelector]: Some broker in ISR is alive for [kudesktop,0]. Select 0 from ISR 0 to be the leader. (kafka.controller.OfflinePartitionLeaderSelector)
[2017-09-06 08:25:11,656] INFO [OfflinePartitionLeaderSelector]: Selected new leader and ISR {"leader":0,"leader_epoch":8,"isr":[0]} for offline partition [kudesktop,0] (kafka.controller.OfflinePartitionLeaderSelector)
[2017-09-06 08:25:11,660] DEBUG [Partition state machine on Controller 0]: After leader election, leader cache is updated to Map([kudesktop,0] -> (Leader:0,ISR:0,LeaderEpoch:8,ControllerEpoch:18), [otro-topico,0] -> (Leader:0,ISR:0,LeaderEpoch:6,ControllerEpoch:17), [test,0] -> (Leader:0,ISR:0,LeaderEpoch:14,ControllerEpoch:17)) (kafka.controller.PartitionStateMachine)
[2017-09-06 08:25:11,666] DEBUG [OfflinePartitionLeaderSelector]: Some broker in ISR is alive for [otro-topico,0]. Select 0 from ISR 0 to be the leader. (kafka.controller.OfflinePartitionLeaderSelector)
[2017-09-06 08:25:11,666] INFO [OfflinePartitionLeaderSelector]: Selected new leader and ISR {"leader":0,"leader_epoch":7,"isr":[0]} for offline partition [otro-topico,0] (kafka.controller.OfflinePartitionLeaderSelector)
[2017-09-06 08:25:11,668] DEBUG [Partition state machine on Controller 0]: After leader election, leader cache is updated to Map([kudesktop,0] -> (Leader:0,ISR:0,LeaderEpoch:8,ControllerEpoch:18), [otro-topico,0] -> (Leader:0,ISR:0,LeaderEpoch:7,ControllerEpoch:18), [test,0] -> (Leader:0,ISR:0,LeaderEpoch:14,ControllerEpoch:17)) (kafka.controller.PartitionStateMachine)
[2017-09-06 08:25:11,673] DEBUG [OfflinePartitionLeaderSelector]: Some broker in ISR is alive for [test,0]. Select 0 from ISR 0 to be the leader. (kafka.controller.OfflinePartitionLeaderSelector)
[2017-09-06 08:25:11,673] INFO [OfflinePartitionLeaderSelector]: Selected new leader and ISR {"leader":0,"leader_epoch":15,"isr":[0]} for offline partition [test,0] (kafka.controller.OfflinePartitionLeaderSelector)
[2017-09-06 08:25:11,675] DEBUG [Partition state machine on Controller 0]: After leader election, leader cache is updated to Map([kudesktop,0] -> (Leader:0,ISR:0,LeaderEpoch:8,ControllerEpoch:18), [otro-topico,0] -> (Leader:0,ISR:0,LeaderEpoch:7,ControllerEpoch:18), [test,0] -> (Leader:0,ISR:0,LeaderEpoch:15,ControllerEpoch:18)) (kafka.controller.PartitionStateMachine)
[2017-09-06 08:25:16,520] TRACE [Controller 0]: checking need to trigger partition rebalance (kafka.controller.KafkaController)
[2017-09-06 08:25:16,523] DEBUG [Controller 0]: preferred replicas by broker Map(0 -> Map([kudesktop,0] -> List(0), [otro-topico,0] -> List(0), [test,0] -> List(0))) (kafka.controller.KafkaController)
[2017-09-06 08:25:16,526] DEBUG [Controller 0]: topics not in preferred replica Map() (kafka.controller.KafkaController)
[2017-09-06 08:25:16,527] TRACE [Controller 0]: leader imbalance ratio for broker 0 is 0.000000 (kafka.controller.KafkaController)
[2017-09-06 08:25:50,866] DEBUG preRegister called. Server=com.sun.jmx.mbeanserver.JmxMBeanServer@66d3c617, name=log4j:logger=kafka.controller (kafka.controller)
[2017-09-06 08:25:51,477] INFO [Controller 0]: Controller starting up (kafka.controller.KafkaController)
[2017-09-06 08:25:51,492] INFO [Controller 0]: Controller startup complete (kafka.controller.KafkaController)
[2017-09-06 08:25:54,114] DEBUG [Controller 0]: Controller resigning, broker id 0 (kafka.controller.KafkaController)
[2017-09-06 08:25:54,115] DEBUG [Controller 0]: De-registering IsrChangeNotificationListener (kafka.controller.KafkaController)
[2017-09-06 08:25:54,116] INFO [Partition state machine on Controller 0]: Stopped partition state machine (kafka.controller.PartitionStateMachine)
[2017-09-06 08:25:54,117] INFO [Replica state machine on controller 0]: Stopped replica state machine (kafka.controller.ReplicaStateMachine)
[2017-09-06 08:25:54,117] INFO [Controller 0]: Broker 0 resigned as the controller (kafka.controller.KafkaController)
[2017-09-06 08:28:13,024] DEBUG preRegister called. Server=com.sun.jmx.mbeanserver.JmxMBeanServer@66d3c617, name=log4j:logger=kafka.controller (kafka.controller)
[2017-09-06 08:28:13,592] INFO [Controller 0]: Controller starting up (kafka.controller.KafkaController)
[2017-09-06 08:28:13,631] INFO [Controller 0]: Broker 0 starting become controller state transition (kafka.controller.KafkaController)
[2017-09-06 08:28:13,638] INFO [Controller 0]: Controller 0 incremented epoch to 1 (kafka.controller.KafkaController)
[2017-09-06 08:28:13,640] DEBUG [Controller 0]: Registering IsrChangeNotificationListener (kafka.controller.KafkaController)
[2017-09-06 08:28:13,657] INFO [Controller 0]: Partitions undergoing preferred replica election:  (kafka.controller.KafkaController)
[2017-09-06 08:28:13,657] INFO [Controller 0]: Partitions that completed preferred replica election:  (kafka.controller.KafkaController)
[2017-09-06 08:28:13,658] INFO [Controller 0]: Resuming preferred replica election for partitions:  (kafka.controller.KafkaController)
[2017-09-06 08:28:13,661] INFO [Controller 0]: Partitions being reassigned: Map() (kafka.controller.KafkaController)
[2017-09-06 08:28:13,661] INFO [Controller 0]: Partitions already reassigned: List() (kafka.controller.KafkaController)
[2017-09-06 08:28:13,662] INFO [Controller 0]: Resuming reassignment of partitions: Map() (kafka.controller.KafkaController)
[2017-09-06 08:28:13,665] INFO [Controller 0]: List of topics to be deleted:  (kafka.controller.KafkaController)
[2017-09-06 08:28:13,666] INFO [Controller 0]: List of topics ineligible for deletion:  (kafka.controller.KafkaController)
[2017-09-06 08:28:13,668] INFO [Controller 0]: Currently active brokers in the cluster: Set() (kafka.controller.KafkaController)
[2017-09-06 08:28:13,668] INFO [Controller 0]: Currently shutting brokers in the cluster: Set() (kafka.controller.KafkaController)
[2017-09-06 08:28:13,669] INFO [Controller 0]: Current list of topics in the cluster: Set() (kafka.controller.KafkaController)
[2017-09-06 08:28:13,672] INFO [Replica state machine on controller 0]: Started replica state machine with initial state -> Map() (kafka.controller.ReplicaStateMachine)
[2017-09-06 08:28:13,678] INFO [Partition state machine on Controller 0]: Started partition state machine with initial state -> Map() (kafka.controller.PartitionStateMachine)
[2017-09-06 08:28:13,679] INFO [Controller 0]: Broker 0 is ready to serve as the new controller with epoch 1 (kafka.controller.KafkaController)
[2017-09-06 08:28:13,680] INFO [Controller 0]: Starting preferred replica leader election for partitions  (kafka.controller.KafkaController)
[2017-09-06 08:28:13,681] INFO [Partition state machine on Controller 0]: Invoking state change to OnlinePartition for partitions  (kafka.controller.PartitionStateMachine)
[2017-09-06 08:28:13,686] INFO [Controller 0]: starting the partition rebalance scheduler (kafka.controller.KafkaController)
[2017-09-06 08:28:13,687] INFO [Controller 0]: Controller startup complete (kafka.controller.KafkaController)
[2017-09-06 08:28:13,771] INFO [BrokerChangeListener on Controller 0]: Broker change listener fired for path /brokers/ids with children 0 (kafka.controller.ReplicaStateMachine$BrokerChangeListener)
[2017-09-06 08:28:13,806] INFO [BrokerChangeListener on Controller 0]: Newly added brokers: 0, deleted brokers: , all live brokers: 0 (kafka.controller.ReplicaStateMachine$BrokerChangeListener)
[2017-09-06 08:28:13,807] DEBUG [Channel manager on controller 0]: Controller 0 trying to connect to broker 0 (kafka.controller.ControllerChannelManager)
[2017-09-06 08:28:13,817] INFO [Controller-0-to-broker-0-send-thread], Starting  (kafka.controller.RequestSendThread)
[2017-09-06 08:28:13,818] INFO [Controller 0]: New broker startup callback for 0 (kafka.controller.KafkaController)
[2017-09-06 08:28:13,845] INFO [Controller-0-to-broker-0-send-thread], Controller 0 connected to Node(0, localhost.localdomain, 9092) for sending state change requests (kafka.controller.RequestSendThread)
[2017-09-06 08:28:18,688] TRACE [Controller 0]: checking need to trigger partition rebalance (kafka.controller.KafkaController)
[2017-09-06 08:28:18,691] DEBUG [Controller 0]: preferred replicas by broker Map() (kafka.controller.KafkaController)
[2017-09-06 08:30:52,692] DEBUG preRegister called. Server=com.sun.jmx.mbeanserver.JmxMBeanServer@66d3c617, name=log4j:logger=kafka.controller (kafka.controller)
[2017-09-06 08:31:03,728] INFO [Controller 0]: Controller starting up (kafka.controller.KafkaController)
[2017-09-06 08:31:03,776] INFO [Controller 0]: Broker 0 starting become controller state transition (kafka.controller.KafkaController)
[2017-09-06 08:31:03,783] INFO [Controller 0]: Initialized controller epoch to 1 and zk version 0 (kafka.controller.KafkaController)
[2017-09-06 08:31:03,790] INFO [Controller 0]: Controller 0 incremented epoch to 2 (kafka.controller.KafkaController)
[2017-09-06 08:31:03,792] DEBUG [Controller 0]: Registering IsrChangeNotificationListener (kafka.controller.KafkaController)
[2017-09-06 08:31:03,813] INFO [Controller 0]: Partitions undergoing preferred replica election:  (kafka.controller.KafkaController)
[2017-09-06 08:31:03,814] INFO [Controller 0]: Partitions that completed preferred replica election:  (kafka.controller.KafkaController)
[2017-09-06 08:31:03,815] INFO [Controller 0]: Resuming preferred replica election for partitions:  (kafka.controller.KafkaController)
[2017-09-06 08:31:03,819] INFO [Controller 0]: Partitions being reassigned: Map() (kafka.controller.KafkaController)
[2017-09-06 08:31:03,819] INFO [Controller 0]: Partitions already reassigned: List() (kafka.controller.KafkaController)
[2017-09-06 08:31:03,820] INFO [Controller 0]: Resuming reassignment of partitions: Map() (kafka.controller.KafkaController)
[2017-09-06 08:31:03,823] INFO [Controller 0]: List of topics to be deleted:  (kafka.controller.KafkaController)
[2017-09-06 08:31:03,823] INFO [Controller 0]: List of topics ineligible for deletion:  (kafka.controller.KafkaController)
[2017-09-06 08:31:03,825] INFO [Controller 0]: Currently active brokers in the cluster: Set() (kafka.controller.KafkaController)
[2017-09-06 08:31:03,826] INFO [Controller 0]: Currently shutting brokers in the cluster: Set() (kafka.controller.KafkaController)
[2017-09-06 08:31:03,826] INFO [Controller 0]: Current list of topics in the cluster: Set() (kafka.controller.KafkaController)
[2017-09-06 08:31:03,828] INFO [Replica state machine on controller 0]: Started replica state machine with initial state -> Map() (kafka.controller.ReplicaStateMachine)
[2017-09-06 08:31:03,832] INFO [Partition state machine on Controller 0]: Started partition state machine with initial state -> Map() (kafka.controller.PartitionStateMachine)
[2017-09-06 08:31:03,832] INFO [Controller 0]: Broker 0 is ready to serve as the new controller with epoch 2 (kafka.controller.KafkaController)
[2017-09-06 08:31:03,833] INFO [Controller 0]: Starting preferred replica leader election for partitions  (kafka.controller.KafkaController)
[2017-09-06 08:31:03,834] INFO [Partition state machine on Controller 0]: Invoking state change to OnlinePartition for partitions  (kafka.controller.PartitionStateMachine)
[2017-09-06 08:31:03,840] INFO [Controller 0]: starting the partition rebalance scheduler (kafka.controller.KafkaController)
[2017-09-06 08:31:03,841] INFO [Controller 0]: Controller startup complete (kafka.controller.KafkaController)
[2017-09-06 08:31:03,928] INFO [BrokerChangeListener on Controller 0]: Broker change listener fired for path /brokers/ids with children 0 (kafka.controller.ReplicaStateMachine$BrokerChangeListener)
[2017-09-06 08:31:03,959] INFO [BrokerChangeListener on Controller 0]: Newly added brokers: 0, deleted brokers: , all live brokers: 0 (kafka.controller.ReplicaStateMachine$BrokerChangeListener)
[2017-09-06 08:31:03,960] DEBUG [Channel manager on controller 0]: Controller 0 trying to connect to broker 0 (kafka.controller.ControllerChannelManager)
[2017-09-06 08:31:03,970] INFO [Controller-0-to-broker-0-send-thread], Starting  (kafka.controller.RequestSendThread)
[2017-09-06 08:31:03,970] INFO [Controller 0]: New broker startup callback for 0 (kafka.controller.KafkaController)
[2017-09-06 08:31:03,991] INFO [Controller-0-to-broker-0-send-thread], Controller 0 connected to Node(0, localhost.localdomain, 9092) for sending state change requests (kafka.controller.RequestSendThread)
[2017-09-06 08:31:08,842] TRACE [Controller 0]: checking need to trigger partition rebalance (kafka.controller.KafkaController)
[2017-09-06 08:31:08,845] DEBUG [Controller 0]: preferred replicas by broker Map() (kafka.controller.KafkaController)
[2017-09-06 08:31:57,156] DEBUG [TopicChangeListener on Controller 0]: Topic change listener fired for path /brokers/topics with children kudesktop (kafka.controller.PartitionStateMachine$TopicChangeListener)
[2017-09-06 08:31:57,165] INFO [TopicChangeListener on Controller 0]: New topics: [Set(kudesktop)], deleted topics: [Set()], new partition replica assignment [Map([kudesktop,0] -> List(0))] (kafka.controller.PartitionStateMachine$TopicChangeListener)
[2017-09-06 08:31:57,165] INFO [Controller 0]: New topic creation callback for [kudesktop,0] (kafka.controller.KafkaController)
[2017-09-06 08:31:57,168] INFO [Controller 0]: New partition creation callback for [kudesktop,0] (kafka.controller.KafkaController)
[2017-09-06 08:31:57,168] INFO [Partition state machine on Controller 0]: Invoking state change to NewPartition for partitions [kudesktop,0] (kafka.controller.PartitionStateMachine)
[2017-09-06 08:31:57,172] INFO [Replica state machine on controller 0]: Invoking state change to NewReplica for replicas [Topic=kudesktop,Partition=0,Replica=0] (kafka.controller.ReplicaStateMachine)
[2017-09-06 08:31:57,177] INFO [Partition state machine on Controller 0]: Invoking state change to OnlinePartition for partitions [kudesktop,0] (kafka.controller.PartitionStateMachine)
[2017-09-06 08:31:57,178] DEBUG [Partition state machine on Controller 0]: Live assigned replicas for partition [kudesktop,0] are: [List(0)] (kafka.controller.PartitionStateMachine)
[2017-09-06 08:31:57,180] DEBUG [Partition state machine on Controller 0]: Initializing leader and isr for partition [kudesktop,0] to (Leader:0,ISR:0,LeaderEpoch:0,ControllerEpoch:2) (kafka.controller.PartitionStateMachine)
[2017-09-06 08:31:57,194] INFO [Replica state machine on controller 0]: Invoking state change to OnlineReplica for replicas [Topic=kudesktop,Partition=0,Replica=0] (kafka.controller.ReplicaStateMachine)
[2017-09-06 08:36:08,841] TRACE [Controller 0]: checking need to trigger partition rebalance (kafka.controller.KafkaController)
[2017-09-06 08:36:08,842] DEBUG [Controller 0]: preferred replicas by broker Map(0 -> Map([kudesktop,0] -> List(0))) (kafka.controller.KafkaController)
[2017-09-06 08:36:08,845] DEBUG [Controller 0]: topics not in preferred replica Map() (kafka.controller.KafkaController)
[2017-09-06 08:36:08,847] TRACE [Controller 0]: leader imbalance ratio for broker 0 is 0.000000 (kafka.controller.KafkaController)
[2017-09-06 08:36:18,289] DEBUG [TopicChangeListener on Controller 0]: Topic change listener fired for path /brokers/topics with children mongodb2,kudesktop (kafka.controller.PartitionStateMachine$TopicChangeListener)
[2017-09-06 08:36:18,294] INFO [TopicChangeListener on Controller 0]: New topics: [Set(mongodb2)], deleted topics: [Set()], new partition replica assignment [Map([mongodb2,0] -> List(0))] (kafka.controller.PartitionStateMachine$TopicChangeListener)
[2017-09-06 08:36:18,294] INFO [Controller 0]: New topic creation callback for [mongodb2,0] (kafka.controller.KafkaController)
[2017-09-06 08:36:18,295] INFO [Controller 0]: New partition creation callback for [mongodb2,0] (kafka.controller.KafkaController)
[2017-09-06 08:36:18,295] INFO [Partition state machine on Controller 0]: Invoking state change to NewPartition for partitions [mongodb2,0] (kafka.controller.PartitionStateMachine)
[2017-09-06 08:36:18,296] INFO [Replica state machine on controller 0]: Invoking state change to NewReplica for replicas [Topic=mongodb2,Partition=0,Replica=0] (kafka.controller.ReplicaStateMachine)
[2017-09-06 08:36:18,297] INFO [Partition state machine on Controller 0]: Invoking state change to OnlinePartition for partitions [mongodb2,0] (kafka.controller.PartitionStateMachine)
[2017-09-06 08:36:18,297] DEBUG [Partition state machine on Controller 0]: Live assigned replicas for partition [mongodb2,0] are: [List(0)] (kafka.controller.PartitionStateMachine)
[2017-09-06 08:36:18,297] DEBUG [Partition state machine on Controller 0]: Initializing leader and isr for partition [mongodb2,0] to (Leader:0,ISR:0,LeaderEpoch:0,ControllerEpoch:2) (kafka.controller.PartitionStateMachine)
[2017-09-06 08:36:18,304] INFO [Replica state machine on controller 0]: Invoking state change to OnlineReplica for replicas [Topic=mongodb2,Partition=0,Replica=0] (kafka.controller.ReplicaStateMachine)
[2017-09-06 08:37:19,110] DEBUG [TopicChangeListener on Controller 0]: Topic change listener fired for path /brokers/topics with children mongodb2,kudesktop,mongodb1 (kafka.controller.PartitionStateMachine$TopicChangeListener)
[2017-09-06 08:37:19,114] INFO [TopicChangeListener on Controller 0]: New topics: [Set(mongodb1)], deleted topics: [Set()], new partition replica assignment [Map([mongodb1,0] -> List(0))] (kafka.controller.PartitionStateMachine$TopicChangeListener)
[2017-09-06 08:37:19,114] INFO [Controller 0]: New topic creation callback for [mongodb1,0] (kafka.controller.KafkaController)
[2017-09-06 08:37:19,115] INFO [Controller 0]: New partition creation callback for [mongodb1,0] (kafka.controller.KafkaController)
[2017-09-06 08:37:19,115] INFO [Partition state machine on Controller 0]: Invoking state change to NewPartition for partitions [mongodb1,0] (kafka.controller.PartitionStateMachine)
[2017-09-06 08:37:19,115] INFO [Replica state machine on controller 0]: Invoking state change to NewReplica for replicas [Topic=mongodb1,Partition=0,Replica=0] (kafka.controller.ReplicaStateMachine)
[2017-09-06 08:37:19,117] INFO [Partition state machine on Controller 0]: Invoking state change to OnlinePartition for partitions [mongodb1,0] (kafka.controller.PartitionStateMachine)
[2017-09-06 08:37:19,117] DEBUG [Partition state machine on Controller 0]: Live assigned replicas for partition [mongodb1,0] are: [List(0)] (kafka.controller.PartitionStateMachine)
[2017-09-06 08:37:19,117] DEBUG [Partition state machine on Controller 0]: Initializing leader and isr for partition [mongodb1,0] to (Leader:0,ISR:0,LeaderEpoch:0,ControllerEpoch:2) (kafka.controller.PartitionStateMachine)
[2017-09-06 08:37:19,123] INFO [Replica state machine on controller 0]: Invoking state change to OnlineReplica for replicas [Topic=mongodb1,Partition=0,Replica=0] (kafka.controller.ReplicaStateMachine)
[2017-09-06 08:41:08,840] TRACE [Controller 0]: checking need to trigger partition rebalance (kafka.controller.KafkaController)
[2017-09-06 08:41:08,841] DEBUG [Controller 0]: preferred replicas by broker Map(0 -> Map([mongodb1,0] -> List(0), [kudesktop,0] -> List(0), [mongodb2,0] -> List(0))) (kafka.controller.KafkaController)
[2017-09-06 08:41:08,842] DEBUG [Controller 0]: topics not in preferred replica Map() (kafka.controller.KafkaController)
[2017-09-06 08:41:08,842] TRACE [Controller 0]: leader imbalance ratio for broker 0 is 0.000000 (kafka.controller.KafkaController)
[2017-09-06 08:41:39,695] DEBUG [TopicChangeListener on Controller 0]: Topic change listener fired for path /brokers/topics with children mongodb2,mongo,kudesktop,mongodb1 (kafka.controller.PartitionStateMachine$TopicChangeListener)
[2017-09-06 08:41:39,700] INFO [TopicChangeListener on Controller 0]: New topics: [Set(mongo)], deleted topics: [Set()], new partition replica assignment [Map([mongo,0] -> List(0))] (kafka.controller.PartitionStateMachine$TopicChangeListener)
[2017-09-06 08:41:39,700] INFO [Controller 0]: New topic creation callback for [mongo,0] (kafka.controller.KafkaController)
[2017-09-06 08:41:39,701] INFO [Controller 0]: New partition creation callback for [mongo,0] (kafka.controller.KafkaController)
[2017-09-06 08:41:39,701] INFO [Partition state machine on Controller 0]: Invoking state change to NewPartition for partitions [mongo,0] (kafka.controller.PartitionStateMachine)
[2017-09-06 08:41:39,702] INFO [Replica state machine on controller 0]: Invoking state change to NewReplica for replicas [Topic=mongo,Partition=0,Replica=0] (kafka.controller.ReplicaStateMachine)
[2017-09-06 08:41:39,703] INFO [Partition state machine on Controller 0]: Invoking state change to OnlinePartition for partitions [mongo,0] (kafka.controller.PartitionStateMachine)
[2017-09-06 08:41:39,703] DEBUG [Partition state machine on Controller 0]: Live assigned replicas for partition [mongo,0] are: [List(0)] (kafka.controller.PartitionStateMachine)
[2017-09-06 08:41:39,703] DEBUG [Partition state machine on Controller 0]: Initializing leader and isr for partition [mongo,0] to (Leader:0,ISR:0,LeaderEpoch:0,ControllerEpoch:2) (kafka.controller.PartitionStateMachine)
[2017-09-06 08:41:39,708] INFO [Replica state machine on controller 0]: Invoking state change to OnlineReplica for replicas [Topic=mongo,Partition=0,Replica=0] (kafka.controller.ReplicaStateMachine)
